[2023-10-22T16:57:19.909+0800] {taskinstance.py:1159} INFO - Dependencies all met for dep_context=non-requeueable deps ti=<TaskInstance: stock_notification.make_weekend_choice manual__2023-10-22T08:57:17.002745+00:00 [queued]>
[2023-10-22T16:57:19.916+0800] {taskinstance.py:1159} INFO - Dependencies all met for dep_context=requeueable deps ti=<TaskInstance: stock_notification.make_weekend_choice manual__2023-10-22T08:57:17.002745+00:00 [queued]>
[2023-10-22T16:57:19.916+0800] {taskinstance.py:1361} INFO - Starting attempt 1 of 3
[2023-10-22T16:57:19.925+0800] {taskinstance.py:1382} INFO - Executing <Task(BranchDayOfWeekOperator): make_weekend_choice> on 2023-10-22 08:57:17.002745+00:00
[2023-10-22T16:57:19.936+0800] {standard_task_runner.py:57} INFO - Started process 169 to run task
[2023-10-22T16:57:19.954+0800] {standard_task_runner.py:84} INFO - Running: ['***', 'tasks', 'run', 'stock_notification', 'make_weekend_choice', 'manual__2023-10-22T08:57:17.002745+00:00', '--job-id', '241', '--raw', '--subdir', 'DAGS_FOLDER/stock_notification.py', '--cfg-path', '/tmp/tmpk7rk8trs']
[2023-10-22T16:57:19.978+0800] {standard_task_runner.py:85} INFO - Job 241: Subtask make_weekend_choice
[2023-10-22T16:57:20.051+0800] {task_command.py:416} INFO - Running <TaskInstance: stock_notification.make_weekend_choice manual__2023-10-22T08:57:17.002745+00:00 [running]> on host 1c3cdc406b09
[2023-10-22T16:57:20.112+0800] {taskinstance.py:1662} INFO - Exporting env vars: AIRFLOW_CTX_DAG_EMAIL='joshua881117@gmail.com' AIRFLOW_CTX_DAG_OWNER='Joshua Lin' AIRFLOW_CTX_DAG_ID='stock_notification' AIRFLOW_CTX_TASK_ID='make_weekend_choice' AIRFLOW_CTX_EXECUTION_DATE='2023-10-22T08:57:17.002745+00:00' AIRFLOW_CTX_TRY_NUMBER='1' AIRFLOW_CTX_DAG_RUN_ID='manual__2023-10-22T08:57:17.002745+00:00'
[2023-10-22T16:57:20.113+0800] {skipmixin.py:173} INFO - Following branch get_stock_pricea
[2023-10-22T16:57:20.117+0800] {taskinstance.py:1937} ERROR - Task failed with exception
Traceback (most recent call last):
  File "/home/airflow/.local/lib/python3.8/site-packages/airflow/operators/branch.py", line 55, in execute
    self.skip_all_except(context["ti"], branches_to_execute)
  File "/home/airflow/.local/lib/python3.8/site-packages/airflow/models/skipmixin.py", line 208, in skip_all_except
    raise AirflowException(
airflow.exceptions.AirflowException: 'branch_task_ids' must contain only valid task_ids. Invalid tasks found: {'get_stock_pricea'}.
[2023-10-22T16:57:20.120+0800] {taskinstance.py:1400} INFO - Marking task as UP_FOR_RETRY. dag_id=stock_notification, task_id=make_weekend_choice, execution_date=20231022T085717, start_date=20231022T085719, end_date=20231022T085720
[2023-10-22T16:57:20.133+0800] {standard_task_runner.py:104} ERROR - Failed to execute job 241 for task make_weekend_choice ('branch_task_ids' must contain only valid task_ids. Invalid tasks found: {'get_stock_pricea'}.; 169)
[2023-10-22T16:57:20.169+0800] {local_task_job_runner.py:228} INFO - Task exited with return code 1
[2023-10-22T16:57:20.216+0800] {taskinstance.py:2778} INFO - 0 downstream tasks scheduled from follow-on schedule check
