[2023-10-23T00:09:39.966+0800] {taskinstance.py:1159} INFO - Dependencies all met for dep_context=non-requeueable deps ti=<TaskInstance: stock_notification.market_closed scheduled__2023-10-22T15:00:00+00:00 [queued]>
[2023-10-23T00:09:39.975+0800] {taskinstance.py:1159} INFO - Dependencies all met for dep_context=requeueable deps ti=<TaskInstance: stock_notification.market_closed scheduled__2023-10-22T15:00:00+00:00 [queued]>
[2023-10-23T00:09:39.975+0800] {taskinstance.py:1361} INFO - Starting attempt 1 of 2
[2023-10-23T00:09:39.984+0800] {taskinstance.py:1382} INFO - Executing <Task(PythonOperator): market_closed> on 2023-10-22 15:00:00+00:00
[2023-10-23T00:09:39.995+0800] {standard_task_runner.py:57} INFO - Started process 1199 to run task
[2023-10-23T00:09:39.998+0800] {standard_task_runner.py:84} INFO - Running: ['***', 'tasks', 'run', 'stock_notification', 'market_closed', 'scheduled__2023-10-22T15:00:00+00:00', '--job-id', '27', '--raw', '--subdir', 'DAGS_FOLDER/stock_notification.py', '--cfg-path', '/tmp/tmp_fnw5xz2']
[2023-10-23T00:09:40.000+0800] {standard_task_runner.py:85} INFO - Job 27: Subtask market_closed
[2023-10-23T00:09:40.040+0800] {task_command.py:416} INFO - Running <TaskInstance: stock_notification.market_closed scheduled__2023-10-22T15:00:00+00:00 [running]> on host 68cd3dbad64f
[2023-10-23T00:09:40.080+0800] {taskinstance.py:1662} INFO - Exporting env vars: AIRFLOW_CTX_DAG_EMAIL='joshua881117@gmail.com' AIRFLOW_CTX_DAG_OWNER='Joshua Lin' AIRFLOW_CTX_DAG_ID='stock_notification' AIRFLOW_CTX_TASK_ID='market_closed' AIRFLOW_CTX_EXECUTION_DATE='2023-10-22T15:00:00+00:00' AIRFLOW_CTX_TRY_NUMBER='1' AIRFLOW_CTX_DAG_RUN_ID='scheduled__2023-10-22T15:00:00+00:00'
[2023-10-23T00:09:40.091+0800] {taskinstance.py:1937} ERROR - Task failed with exception
Traceback (most recent call last):
  File "/home/airflow/.local/lib/python3.8/site-packages/airflow/operators/python.py", line 192, in execute
    return_value = self.execute_callable()
  File "/home/airflow/.local/lib/python3.8/site-packages/airflow/operators/python.py", line 209, in execute_callable
    return self.python_callable(*self.op_args, **self.op_kwargs)
  File "/opt/airflow/dags/stock_notification.py", line 83, in send_market_closed_message
    send_message_to_slack(
  File "/opt/airflow/dags/stock_app/stock_functions.py", line 56, in send_message_to_slack
    client, channel_id = connect_to_slack(channel, app_name)
  File "/opt/airflow/dags/stock_app/stock_functions.py", line 33, in connect_to_slack
    oauth_token = Variable.get(app_name)
  File "/home/airflow/.local/lib/python3.8/site-packages/airflow/models/variable.py", line 140, in get
    raise KeyError(f"Variable {key} does not exist")
KeyError: 'Variable stock_notify does not exist'
[2023-10-23T00:09:40.097+0800] {taskinstance.py:1400} INFO - Marking task as UP_FOR_RETRY. dag_id=stock_notification, task_id=market_closed, execution_date=20231022T150000, start_date=20231022T160939, end_date=20231022T160940
[2023-10-23T00:09:40.107+0800] {warnings.py:109} WARNING - /home/***/.local/lib/python3.8/site-packages/***/utils/email.py:154: RemovedInAirflow3Warning: Fetching SMTP credentials from configuration variables will be deprecated in a future release. Please set credentials using a connection instead.
  send_mime_email(e_from=mail_from, e_to=recipients, mime_msg=msg, conn_id=conn_id, dryrun=dryrun)

[2023-10-23T00:09:40.107+0800] {email.py:270} INFO - Email alerting: attempt 1
[2023-10-23T00:09:41.463+0800] {email.py:281} INFO - Sent an alert email to ['joshua881117@gmail.com']
[2023-10-23T00:11:28.318+0800] {email.py:270} INFO - Email alerting: attempt 1
[2023-10-23T00:11:29.891+0800] {email.py:281} INFO - Sent an alert email to ['joshua881117@gmail.com']
[2023-10-23T00:11:31.809+0800] {standard_task_runner.py:104} ERROR - Failed to execute job 27 for task market_closed ('Variable stock_notify does not exist'; 1199)
[2023-10-23T00:11:31.887+0800] {local_task_job_runner.py:228} INFO - Task exited with return code 1
[2023-10-23T00:11:31.904+0800] {taskinstance.py:2778} INFO - 0 downstream tasks scheduled from follow-on schedule check
