[2023-10-19T13:23:13.306+0000] {taskinstance.py:1159} INFO - Dependencies all met for dep_context=non-requeueable deps ti=<TaskInstance: stock_notification.get_stock_price manual__2023-10-19T13:23:09.464666+00:00 [queued]>
[2023-10-19T13:23:13.317+0000] {taskinstance.py:1159} INFO - Dependencies all met for dep_context=requeueable deps ti=<TaskInstance: stock_notification.get_stock_price manual__2023-10-19T13:23:09.464666+00:00 [queued]>
[2023-10-19T13:23:13.318+0000] {taskinstance.py:1361} INFO - Starting attempt 1 of 3
[2023-10-19T13:23:13.328+0000] {taskinstance.py:1382} INFO - Executing <Task(BranchPythonOperator): get_stock_price> on 2023-10-19 13:23:09.464666+00:00
[2023-10-19T13:23:13.340+0000] {standard_task_runner.py:57} INFO - Started process 3019 to run task
[2023-10-19T13:23:13.347+0000] {standard_task_runner.py:84} INFO - Running: ['***', 'tasks', 'run', 'stock_notification', 'get_stock_price', 'manual__2023-10-19T13:23:09.464666+00:00', '--job-id', '39', '--raw', '--subdir', 'DAGS_FOLDER/stock_notification.py', '--cfg-path', '/tmp/tmpkvdy7td2']
[2023-10-19T13:23:13.352+0000] {standard_task_runner.py:85} INFO - Job 39: Subtask get_stock_price
[2023-10-19T13:23:13.397+0000] {task_command.py:416} INFO - Running <TaskInstance: stock_notification.get_stock_price manual__2023-10-19T13:23:09.464666+00:00 [running]> on host 46830eaaaf4f
[2023-10-19T13:23:13.682+0000] {taskinstance.py:1662} INFO - Exporting env vars: AIRFLOW_CTX_DAG_EMAIL='joshua881117@gmail.com' AIRFLOW_CTX_DAG_OWNER='Joshua Lin' AIRFLOW_CTX_DAG_ID='stock_notification' AIRFLOW_CTX_TASK_ID='get_stock_price' AIRFLOW_CTX_EXECUTION_DATE='2023-10-19T13:23:09.464666+00:00' AIRFLOW_CTX_TRY_NUMBER='1' AIRFLOW_CTX_DAG_RUN_ID='manual__2023-10-19T13:23:09.464666+00:00'
[2023-10-19T13:23:13.683+0000] {log.py:232} WARNING - 2023-10-19 13:23:13.683 | INFO     | stock_app.stock_crawler:crawler_twse:198 - crawler_twse
[2023-10-19T13:23:20.654+0000] {log.py:232} WARNING - 2023-10-19 13:23:20.653 | INFO     | stock_app.stock_crawler:convert_change:254 - convert_change
[2023-10-19T13:23:21.043+0000] {logging_mixin.py:151} INFO - /opt/***/dags
[2023-10-19T13:23:21.044+0000] {logging_mixin.py:151} INFO - /opt/***/dags/data/stock_data.csv
[2023-10-19T13:23:21.129+0000] {python.py:194} INFO - Done. Returned value was: check_stock_price
[2023-10-19T13:23:21.129+0000] {python.py:227} INFO - Branch callable return check_stock_price
[2023-10-19T13:23:21.129+0000] {skipmixin.py:173} INFO - Following branch check_stock_price
[2023-10-19T13:23:21.150+0000] {skipmixin.py:239} INFO - Skipping tasks [('market_closed', -1)]
[2023-10-19T13:23:21.215+0000] {taskinstance.py:1400} INFO - Marking task as SUCCESS. dag_id=stock_notification, task_id=get_stock_price, execution_date=20231019T132309, start_date=20231019T132313, end_date=20231019T132321
[2023-10-19T13:23:21.290+0000] {local_task_job_runner.py:228} INFO - Task exited with return code 0
[2023-10-19T13:23:21.338+0000] {taskinstance.py:2778} INFO - 1 downstream tasks scheduled from follow-on schedule check
